04:25:53 **** Rebuild of configuration Debug for project Project1 ****
Info: Internal Builder is used for build
gcc -O0 -g3 -Wall -c -fmessage-length=0 -o Project1.o "..\\Project1.c" 
..\Project1.c: In function 'main':
..\Project1.c:72:9: warning: implicit declaration of function 'firstlist'; did you mean 'firstList'? [-Wimplicit-function-declaration]
   72 |         firstlist(a,b,c);
      |         ^~~~~~~~~
      |         firstList
..\Project1.c:72:9: warning: 'a' is used uninitialized [-Wuninitialized]
   72 |         firstlist(a,b,c);
      |         ^~~~~~~~~~~~~~~~
..\Project1.c:66:13: note: 'a' was declared here
   66 |         int a, b ,c;
      |             ^
..\Project1.c:72:9: warning: 'b' is used uninitialized [-Wuninitialized]
   72 |         firstlist(a,b,c);
      |         ^~~~~~~~~~~~~~~~
..\Project1.c:66:16: note: 'b' was declared here
   66 |         int a, b ,c;
      |                ^
..\Project1.c:72:9: warning: 'c' is used uninitialized [-Wuninitialized]
   72 |         firstlist(a,b,c);
      |         ^~~~~~~~~~~~~~~~
..\Project1.c:66:19: note: 'c' was declared here
   66 |         int a, b ,c;
      |                   ^
gcc -o Project1.exe Project1.o 
c:/mingw/bin/../lib/gcc/x86_64-w64-mingw32/12.1.0/../../../../x86_64-w64-mingw32/bin/ld.exe: Project1.o: in function `main':
E:\Embedded Course\Project1\Project1\Debug/../Project1.c:72: undefined reference to `firstlist'
collect2.exe: error: ld returned 1 exit status
04:26:26 **** Incremental Build of configuration Debug for project Project1 ****
Info: Internal Builder is used for build
gcc -O0 -g3 -Wall -c -fmessage-length=0 -o Project1.o "..\\Project1.c" 
..\Project1.c: In function 'main':
..\Project1.c:72:9: warning: 'a' is used uninitialized [-Wuninitialized]
   72 |         firstList(a,b,c);
      |         ^~~~~~~~~~~~~~~~
..\Project1.c:66:13: note: 'a' was declared here
   66 |         int a, b ,c;
      |             ^
..\Project1.c:72:9: warning: 'b' is used uninitialized [-Wuninitialized]
   72 |         firstList(a,b,c);
      |         ^~~~~~~~~~~~~~~~
..\Project1.c:66:16: note: 'b' was declared here
   66 |         int a, b ,c;
      |                ^
..\Project1.c:72:9: warning: 'c' is used uninitialized [-Wuninitialized]
   72 |         firstList(a,b,c);
      |         ^~~~~~~~~~~~~~~~
..\Project1.c:66:19: note: 'c' was declared here
   66 |         int a, b ,c;
      |                   ^
gcc -o Project1.exe Project1.o 
Info: Nothing to build for Project1
Info: Nothing to build for Project1
04:28:32 **** Incremental Build of configuration Debug for project Project1 ****
Info: Internal Builder is used for build
gcc -O0 -g3 -Wall -c -fmessage-length=0 -o Project1.o "..\\Project1.c" 
..\Project1.c: In function 'main':
..\Project1.c:72:9: warning: 'a' is used uninitialized [-Wuninitialized]
   72 |         firstList(a,b,c);
      |         ^~~~~~~~~~~~~~~~
..\Project1.c:66:13: note: 'a' was declared here
   66 |         int a, b ,c;
      |             ^
..\Project1.c:72:9: warning: 'b' is used uninitialized [-Wuninitialized]
   72 |         firstList(a,b,c);
      |         ^~~~~~~~~~~~~~~~
..\Project1.c:66:16: note: 'b' was declared here
   66 |         int a, b ,c;
      |                ^
..\Project1.c:72:9: warning: 'c' is used uninitialized [-Wuninitialized]
   72 |         firstList(a,b,c);
      |         ^~~~~~~~~~~~~~~~
..\Project1.c:66:19: note: 'c' was declared here
   66 |         int a, b ,c;
      |                   ^
gcc -o Project1.exe Project1.o 
Info: Nothing to build for Project1
04:29:19 **** Incremental Build of configuration Debug for project Project1 ****
Info: Internal Builder is used for build
gcc -O0 -g3 -Wall -c -fmessage-length=0 -o Project1.o "..\\Project1.c" 
..\Project1.c: In function 'firstList':
..\Project1.c:53:6: warning: type of 'input' defaults to 'int' [-Wimplicit-int]
   53 | void firstList(input){
      |      ^~~~~~~~~
gcc -o Project1.exe Project1.o 
04:29:46 **** Incremental Build of configuration Debug for project Project1 ****
Info: Internal Builder is used for build
gcc -O0 -g3 -Wall -c -fmessage-length=0 -o Project1.o "..\\Project1.c" 
gcc -o Project1.exe Project1.o 
Info: Nothing to build for Project1
Info: Nothing to build for Project1
04:43:31 **** Incremental Build of configuration Debug for project Project1 ****
Info: Internal Builder is used for build
gcc -O0 -g3 -Wall -c -fmessage-length=0 -o Project1.o "..\\Project1.c" 
gcc -o Project1.exe Project1.o 
Info: Nothing to build for Project1
Info: Nothing to build for Project1
Info: Nothing to build for Project1
04:47:13 **** Incremental Build of configuration Debug for project Project1 ****
Info: Internal Builder is used for build
gcc -O0 -g3 -Wall -c -fmessage-length=0 -o Project1.o "..\\Project1.c" 
gcc -o Project1.exe Project1.o 
Info: Nothing to build for Project1
04:55:02 **** Incremental Build of configuration Debug for project Project1 ****
Info: Internal Builder is used for build
gcc -O0 -g3 -Wall -c -fmessage-length=0 -o Project1.o "..\\Project1.c" 
gcc -o Project1.exe Project1.o 
Info: Nothing to build for Project1
04:56:01 **** Incremental Build of configuration Debug for project Project1 ****
Info: Internal Builder is used for build
gcc -O0 -g3 -Wall -c -fmessage-length=0 -o Project1.o "..\\Project1.c" 
gcc -o Project1.exe Project1.o 
Info: Nothing to build for Project1
05:00:30 **** Incremental Build of configuration Debug for project Project1 ****
Info: Internal Builder is used for build
gcc -O0 -g3 -Wall -c -fmessage-length=0 -o Project1.o "..\\Project1.c" 
..\Project1.c: In function 'firstList':
..\Project1.c:59:24: warning: missing terminating " character
   59 |                 printf("d. Set the engine temperature (Engine Temperature Sensor)\n);
      |                        ^
..\Project1.c:59:24: error: missing terminating " character
   59 |                 printf("d. Set the engine temperature (Engine Temperature Sensor)\n);
      |                        ^~~~~~~~~~~~~~~~~~~~~~~~~~~~~~~~~~~~~~~~~~~~~~~~~~~~~~~~~~~~~~ 
..\Project1.c:61:9: error: expected expression before '}' token
   61 |         }
      |         ^
..\Project1.c:59:24: error: expected ';' before '}' token
   59 |                 printf("d. Set the engine temperature (Engine Temperature Sensor)\n);
      |                        ^
      |                        ;
   60 | 
   61 |         }
      |         ~               
05:00:41 **** Incremental Build of configuration Debug for project Project1 ****
Info: Internal Builder is used for build
gcc -O0 -g3 -Wall -c -fmessage-length=0 -o Project1.o "..\\Project1.c" 
gcc -o Project1.exe Project1.o 
c:/mingw/bin/../lib/gcc/x86_64-w64-mingw32/12.1.0/../../../../x86_64-w64-mingw32/bin/ld.exe: cannot open output file Project1.exe: Permission denied
collect2.exe: error: ld returned 1 exit status
05:00:55 **** Incremental Build of configuration Debug for project Project1 ****
Info: Internal Builder is used for build
gcc -o Project1.exe Project1.o 
Info: Nothing to build for Project1
05:04:14 **** Incremental Build of configuration Debug for project Project1 ****
Info: Internal Builder is used for build
gcc -O0 -g3 -Wall -c -fmessage-length=0 -o Project1.o "..\\Project1.c" 
gcc -o Project1.exe Project1.o 
Info: Nothing to build for Project1
05:18:42 **** Incremental Build of configuration Debug for project Project1 ****
Info: Internal Builder is used for build
gcc -O0 -g3 -Wall -c -fmessage-length=0 -o Project1.o "..\\Project1.c" 
..\Project1.c: In function 'third_choice':
..\Project1.c:101:57: error: expected ';' before '}' token
  101 |                 printf("input the engine temperature\n")
      |                                                         ^
      |                                                         ;
  102 |         }
      |         ~                                                
05:19:39 **** Incremental Build of configuration Debug for project Project1 ****
Info: Internal Builder is used for build
gcc -O0 -g3 -Wall -c -fmessage-length=0 -o Project1.o "..\\Project1.c" 
gcc -o Project1.exe Project1.o 
Info: Nothing to build for Project1
05:33:19 **** Incremental Build of configuration Debug for project Project1 ****
Info: Internal Builder is used for build
gcc -O0 -g3 -Wall -c -fmessage-length=0 -o Project1.o "..\\Project1.c" 
..\Project1.c: In function 'main':
..\Project1.c:115:9: warning: implicit declaration of function 'third_choice' [-Wimplicit-function-declaration]
  115 |         third_choice(input3);
      |         ^~~~~~~~~~~~
..\Project1.c:105:21: warning: unused variable 'input2' [-Wunused-variable]
  105 |         char input, input2,input3;
      |                     ^~~~~~
gcc -o Project1.exe Project1.o 
c:/mingw/bin/../lib/gcc/x86_64-w64-mingw32/12.1.0/../../../../x86_64-w64-mingw32/bin/ld.exe: cannot open output file Project1.exe: Permission denied
collect2.exe: error: ld returned 1 exit status
05:33:52 **** Incremental Build of configuration Debug for project Project1 ****
Info: Internal Builder is used for build
gcc -O0 -g3 -Wall -c -fmessage-length=0 -o Project1.o "..\\Project1.c" 
..\Project1.c: In function 'main':
..\Project1.c:105:20: warning: unused variable 'input3' [-Wunused-variable]
  105 |         char input,input3;
      |                    ^~~~~~
gcc -o Project1.exe Project1.o 
c:/mingw/bin/../lib/gcc/x86_64-w64-mingw32/12.1.0/../../../../x86_64-w64-mingw32/bin/ld.exe: cannot open output file Project1.exe: Permission denied
collect2.exe: error: ld returned 1 exit status
05:34:08 **** Incremental Build of configuration Debug for project Project1 ****
Info: Internal Builder is used for build
gcc -O0 -g3 -Wall -c -fmessage-length=0 -o Project1.o "..\\Project1.c" 
gcc -o Project1.exe Project1.o 
c:/mingw/bin/../lib/gcc/x86_64-w64-mingw32/12.1.0/../../../../x86_64-w64-mingw32/bin/ld.exe: cannot open output file Project1.exe: Permission denied
collect2.exe: error: ld returned 1 exit status
05:34:21 **** Incremental Build of configuration Debug for project Project1 ****
Info: Internal Builder is used for build
gcc -o Project1.exe Project1.o 
Info: Nothing to build for Project1
Info: Nothing to build for Project1
05:37:08 **** Incremental Build of configuration Debug for project Project1 ****
Info: Internal Builder is used for build
gcc -O0 -g3 -Wall -c -fmessage-length=0 -o Project1.o "..\\Project1.c" 
..\Project1.c: In function 'main':
..\Project1.c:114:12: warning: suggest parentheses around assignment used as truth value [-Wparentheses]
  114 |         if(input='b':){
      |            ^~~~~
..\Project1.c:114:21: error: expected ')' before ':' token
  114 |         if(input='b':){
      |           ~         ^
      |                     )
05:39:21 **** Incremental Build of configuration Debug for project Project1 ****
Info: Internal Builder is used for build
gcc -O0 -g3 -Wall -c -fmessage-length=0 -o Project1.o "..\\Project1.c" 
..\Project1.c: In function 'firstList':
..\Project1.c:54:13: error: 'input1' undeclared (first use in this function); did you mean 'input'?
   54 |         if (input1=='a'){
      |             ^~~~~~
      |             input
..\Project1.c:54:13: note: each undeclared identifier is reported only once for each function it appears in
05:39:31 **** Incremental Build of configuration Debug for project Project1 ****
Info: Internal Builder is used for build
gcc -O0 -g3 -Wall -c -fmessage-length=0 -o Project1.o "..\\Project1.c" 
..\Project1.c: In function 'second_choice':
..\Project1.c:75:11: warning: 'input1' is used uninitialized [-Wuninitialized]
   75 |         if(input1=='b'){
      |           ^
..\Project1.c:74:14: note: 'input1' was declared here
   74 |         char input1;
      |              ^~~~~~
gcc -o Project1.exe Project1.o 
Info: Nothing to build for Project1
05:42:45 **** Incremental Build of configuration Debug for project Project1 ****
Info: Internal Builder is used for build
gcc -O0 -g3 -Wall -c -fmessage-length=0 -o Project1.o "..\\Project1.c" 
..\Project1.c: In function 'second_choice':
..\Project1.c:75:11: warning: 'input1' is used uninitialized [-Wuninitialized]
   75 |         if(input1=='b'){
      |           ^
..\Project1.c:74:14: note: 'input1' was declared here
   74 |         char input1;
      |              ^~~~~~
gcc -o Project1.exe Project1.o 
05:50:16 **** Incremental Build of configuration Debug for project Project1 ****
Info: Internal Builder is used for build
gcc -O0 -g3 -Wall -c -fmessage-length=0 -o Project1.o "..\\Project1.c" 
..\Project1.c: In function 'firstList':
..\Project1.c:105:5: warning: 'main' is normally a non-static function [-Wmain]
  105 | int main(){
      |     ^~~~
..\Project1.c: In function 'main':
..\Project1.c:114:9: error: too few arguments to function 'firstList'
  114 |         firstList(input1);
      |         ^~~~~~~~~
..\Project1.c:53:6: note: declared here
   53 | void firstList(char input1, char input2){
      |      ^~~~~~~~~
..\Project1.c:107:21: warning: unused variable 'input2' [-Wunused-variable]
  107 |         char input1,input2;
      |                     ^~~~~~
..\Project1.c: In function 'firstList':
..\Project1.c:122:1: error: expected declaration or statement at end of input
  122 | }
      | ^
..\Project1.c: At top level:
..\Project1.c:105:5: warning: 'main' defined but not used [-Wunused-function]
  105 | int main(){
      |     ^~~~
05:50:36 **** Incremental Build of configuration Debug for project Project1 ****
Info: Internal Builder is used for build
gcc -O0 -g3 -Wall -c -fmessage-length=0 -o Project1.o "..\\Project1.c" 
..\Project1.c: In function 'firstList':
..\Project1.c:105:5: warning: 'main' is normally a non-static function [-Wmain]
  105 | int main(){
      |     ^~~~
..\Project1.c:122:1: error: expected declaration or statement at end of input
  122 | }
      | ^
..\Project1.c: At top level:
..\Project1.c:105:5: warning: 'main' defined but not used [-Wunused-function]
  105 | int main(){
      |     ^~~~
05:51:02 **** Incremental Build of configuration Debug for project Project1 ****
Info: Internal Builder is used for build
gcc -O0 -g3 -Wall -c -fmessage-length=0 -o Project1.o "..\\Project1.c" 
..\Project1.c: In function 'firstList':
..\Project1.c:105:5: warning: 'main' is normally a non-static function [-Wmain]
  105 | int main(){
      |     ^~~~
..\Project1.c:122:1: error: expected declaration or statement at end of input
  122 | }
      | ^
..\Project1.c: At top level:
..\Project1.c:105:5: warning: 'main' defined but not used [-Wunused-function]
  105 | int main(){
      |     ^~~~
05:51:39 **** Incremental Build of configuration Debug for project Project1 ****
Info: Internal Builder is used for build
gcc -O0 -g3 -Wall -c -fmessage-length=0 -o Project1.o "..\\Project1.c" 
..\Project1.c: In function 'main':
..\Project1.c:114:9: warning: 'input2' is used uninitialized [-Wuninitialized]
  114 |         firstList(input1,input2);
      |         ^~~~~~~~~~~~~~~~~~~~~~~~
..\Project1.c:107:21: note: 'input2' was declared here
  107 |         char input1,input2;
      |                     ^~~~~~
gcc -o Project1.exe Project1.o 
05:56:12 **** Incremental Build of configuration Debug for project Project1 ****
Info: Internal Builder is used for build
gcc -O0 -g3 -Wall -c -fmessage-length=0 -o Project1.o "..\\Project1.c" 
gcc -o Project1.exe Project1.o 
Info: Nothing to build for Project1
Info: Nothing to build for Project1
05:58:30 **** Incremental Build of configuration Debug for project Project1 ****
Info: Internal Builder is used for build
gcc -O0 -g3 -Wall -c -fmessage-length=0 -o Project1.o "..\\Project1.c" 
gcc -o Project1.exe Project1.o 
Info: Nothing to build for Project1
06:05:57 **** Incremental Build of configuration Debug for project Project1 ****
Info: Internal Builder is used for build
gcc -O0 -g3 -Wall -c -fmessage-length=0 -o Project1.o "..\\Project1.c" 
gcc -o Project1.exe Project1.o 
Info: Nothing to build for Project1
Info: Nothing to build for Project1
06:07:10 **** Incremental Build of configuration Debug for project Project1 ****
Info: Internal Builder is used for build
gcc -O0 -g3 -Wall -c -fmessage-length=0 -o Project1.o "..\\Project1.c" 
gcc -o Project1.exe Project1.o 
Info: Nothing to build for Project1
06:15:44 **** Incremental Build of configuration Debug for project Project1 ****
Info: Internal Builder is used for build
gcc -O0 -g3 -Wall -c -fmessage-length=0 -o Project1.o "..\\Project1.c" 
gcc -o Project1.exe Project1.o 
Info: Nothing to build for Project1
06:22:22 **** Incremental Build of configuration Debug for project Project1 ****
Info: Internal Builder is used for build
gcc -O0 -g3 -Wall -c -fmessage-length=0 -o Project1.o "..\\Project1.c" 
..\Project1.c: In function 'main':
..\Project1.c:117:36: warning: unused variable 'input4' [-Wunused-variable]
  117 |         char input1,input2,input3, input4;
      |                                    ^~~~~~
..\Project1.c:117:28: warning: unused variable 'input3' [-Wunused-variable]
  117 |         char input1,input2,input3, input4;
      |                            ^~~~~~
gcc -o Project1.exe Project1.o 
c:/mingw/bin/../lib/gcc/x86_64-w64-mingw32/12.1.0/../../../../x86_64-w64-mingw32/bin/ld.exe: cannot open output file Project1.exe: Permission denied
collect2.exe: error: ld returned 1 exit status
06:22:38 **** Incremental Build of configuration Debug for project Project1 ****
Info: Internal Builder is used for build
gcc -O0 -g3 -Wall -c -fmessage-length=0 -o Project1.o "..\\Project1.c" 
gcc -o Project1.exe Project1.o 
Info: Nothing to build for Project1
Info: Nothing to build for Project1
Info: Nothing to build for Project1
06:34:31 **** Incremental Build of configuration Debug for project Project1 ****
Info: Internal Builder is used for build
gcc -O0 -g3 -Wall -c -fmessage-length=0 -o Project1.o "..\\Project1.c" 
gcc -o Project1.exe Project1.o 
Info: Nothing to build for Project1
Info: Nothing to build for Project1
06:45:10 **** Incremental Build of configuration Debug for project Project1 ****
Info: Internal Builder is used for build
gcc -O0 -g3 -Wall -c -fmessage-length=0 -o Project1.o "..\\Project1.c" 
..\Project1.c: In function 'main':
..\Project1.c:165:12: warning: suggest parentheses around assignment used as truth value [-Wparentheses]
  165 |         if(input1='a'&&input2=='c'){
      |            ^~~~~~
gcc -o Project1.exe Project1.o 
06:45:48 **** Incremental Build of configuration Debug for project Project1 ****
Info: Internal Builder is used for build
gcc -O0 -g3 -Wall -c -fmessage-length=0 -o Project1.o "..\\Project1.c" 
gcc -o Project1.exe Project1.o 
Info: Nothing to build for Project1
06:47:18 **** Incremental Build of configuration Debug for project Project1 ****
Info: Internal Builder is used for build
gcc -O0 -g3 -Wall -c -fmessage-length=0 -o Project1.o "..\\Project1.c" 
gcc -o Project1.exe Project1.o 
Info: Nothing to build for Project1
06:52:49 **** Incremental Build of configuration Debug for project Project1 ****
Info: Internal Builder is used for build
gcc -O0 -g3 -Wall -c -fmessage-length=0 -o Project1.o "..\\Project1.c" 
gcc -o Project1.exe Project1.o 
Info: Nothing to build for Project1
Info: Nothing to build for Project1
07:23:11 **** Incremental Build of configuration Debug for project Project1 ****
Info: Internal Builder is used for build
gcc -O0 -g3 -Wall -c -fmessage-length=0 -o Project1.o "..\\Project1.c" 
gcc -o Project1.exe Project1.o 
Info: Nothing to build for Project1
07:25:00 **** Incremental Build of configuration Debug for project Project1 ****
Info: Internal Builder is used for build
gcc -O0 -g3 -Wall -c -fmessage-length=0 -o Project1.o "..\\Project1.c" 
..\Project1.c: In function 'firstList':
..\Project1.c:69:17: error: break statement not within loop or switch
   69 |                 break;
      |                 ^~~~~
07:25:15 **** Incremental Build of configuration Debug for project Project1 ****
Info: Internal Builder is used for build
gcc -O0 -g3 -Wall -c -fmessage-length=0 -o Project1.o "..\\Project1.c" 
gcc -o Project1.exe Project1.o 
19:51:08 **** Incremental Build of configuration Debug for project Project1 ****
Info: Internal Builder is used for build
gcc -O0 -g3 -Wall -c -fmessage-length=0 -o Project1.o "..\\Project1.c" 
..\Project1.c: In function 'firstList':
..\Project1.c:69:17: warning: implicit declaration of function 'exit' [-Wimplicit-function-declaration]
   69 |                 exit();
      |                 ^~~~
..\Project1.c:52:1: note: include '<stdlib.h>' or provide a declaration of 'exit'
   51 | #include <stdio.h>
  +++ |+#include <stdlib.h>
   52 | 
..\Project1.c:69:17: warning: incompatible implicit declaration of built-in function 'exit' [-Wbuiltin-declaration-mismatch]
   69 |                 exit();
      |                 ^~~~
..\Project1.c:69:17: note: include '<stdlib.h>' or provide a declaration of 'exit'
..\Project1.c:69:17: error: too few arguments to function 'exit'
19:51:36 **** Incremental Build of configuration Debug for project Project1 ****
Info: Internal Builder is used for build
gcc -O0 -g3 -Wall -c -fmessage-length=0 -o Project1.o "..\\Project1.c" 
..\Project1.c: In function 'firstList':
..\Project1.c:69:17: warning: implicit declaration of function 'exit' [-Wimplicit-function-declaration]
   69 |                 exit();
      |                 ^~~~
..\Project1.c:52:1: note: include '<stdlib.h>' or provide a declaration of 'exit'
   51 | #include <stdio.h>
  +++ |+#include <stdlib.h>
   52 | 
..\Project1.c:69:17: warning: incompatible implicit declaration of built-in function 'exit' [-Wbuiltin-declaration-mismatch]
   69 |                 exit();
      |                 ^~~~
..\Project1.c:69:17: note: include '<stdlib.h>' or provide a declaration of 'exit'
..\Project1.c:69:17: error: too few arguments to function 'exit'
19:51:44 **** Incremental Build of configuration Debug for project Project1 ****
Info: Internal Builder is used for build
gcc -O0 -g3 -Wall -c -fmessage-length=0 -o Project1.o "..\\Project1.c" 
..\Project1.c: In function 'firstList':
..\Project1.c:69:17: warning: implicit declaration of function 'exit' [-Wimplicit-function-declaration]
   69 |                 exit();
      |                 ^~~~
..\Project1.c:52:1: note: include '<stdlib.h>' or provide a declaration of 'exit'
   51 | #include <stdio.h>
  +++ |+#include <stdlib.h>
   52 | 
..\Project1.c:69:17: warning: incompatible implicit declaration of built-in function 'exit' [-Wbuiltin-declaration-mismatch]
   69 |                 exit();
      |                 ^~~~
..\Project1.c:69:17: note: include '<stdlib.h>' or provide a declaration of 'exit'
..\Project1.c:69:17: error: too few arguments to function 'exit'
19:52:35 **** Incremental Build of configuration Debug for project Project1 ****
Info: Internal Builder is used for build
gcc -O0 -g3 -Wall -c -fmessage-length=0 -o Project1.o "..\\Project1.c" 
gcc -o Project1.exe Project1.o 
19:55:04 **** Incremental Build of configuration Debug for project Project1 ****
Info: Internal Builder is used for build
gcc -O0 -g3 -Wall -c -fmessage-length=0 -o Project1.o "..\\Project1.c" 
gcc -o Project1.exe Project1.o 
19:57:25 **** Incremental Build of configuration Debug for project Project1 ****
Info: Internal Builder is used for build
gcc -O0 -g3 -Wall -c -fmessage-length=0 -o Project1.o "..\\Project1.c" 
gcc -o Project1.exe Project1.o 
Info: Nothing to build for Project1
Info: Nothing to build for Project1
20:03:10 **** Incremental Build of configuration Debug for project Project1 ****
Info: Internal Builder is used for build
gcc -O0 -g3 -Wall -c -fmessage-length=0 -o Project1.o "..\\Project1.c" 
..\Project1.c: In function 'main':
..\Project1.c:220:36: error: expected '=', ',', ';', 'asm' or '__attribute__' before 'color'
  220 |         char input1,input2, input4 color,temp;
      |                                    ^~~~~
..\Project1.c:230:22: error: 'input4' undeclared (first use in this function); did you mean 'input2'?
  230 |         scanf("%c", &input4)
      |                      ^~~~~~
      |                      input2
..\Project1.c:230:22: note: each undeclared identifier is reported only once for each function it appears in
..\Project1.c:230:29: error: expected ';' before '}' token
  230 |         scanf("%c", &input4)
      |                             ^
      |                             ;
  231 |         }
      |         ~                    
..\Project1.c:241:31: error: 'color' undeclared (first use in this function)
  241 |                 scanf(" %c", &color);
      |                               ^~~~~
..\Project1.c:246:30: error: 'temp' undeclared (first use in this function)
  246 |                 scanf(" %c",&temp);
      |                              ^~~~
20:03:24 **** Incremental Build of configuration Debug for project Project1 ****
Info: Internal Builder is used for build
gcc -O0 -g3 -Wall -c -fmessage-length=0 -o Project1.o "..\\Project1.c" 
..\Project1.c: In function 'main':
..\Project1.c:220:36: error: expected '=', ',', ';', 'asm' or '__attribute__' before 'color'
  220 |         char input1,input2, input4 color,temp;
      |                                    ^~~~~
..\Project1.c:230:22: error: 'input4' undeclared (first use in this function); did you mean 'input2'?
  230 |         scanf("%c", &input4);
      |                      ^~~~~~
      |                      input2
..\Project1.c:230:22: note: each undeclared identifier is reported only once for each function it appears in
..\Project1.c:241:31: error: 'color' undeclared (first use in this function)
  241 |                 scanf(" %c", &color);
      |                               ^~~~~
..\Project1.c:246:30: error: 'temp' undeclared (first use in this function)
  246 |                 scanf(" %c",&temp);
      |                              ^~~~
20:04:15 **** Incremental Build of configuration Debug for project Project1 ****
Info: Internal Builder is used for build
gcc -O0 -g3 -Wall -c -fmessage-length=0 -o Project1.o "..\\Project1.c" 
gcc -o Project1.exe Project1.o 
c:/mingw/bin/../lib/gcc/x86_64-w64-mingw32/12.1.0/../../../../x86_64-w64-mingw32/bin/ld.exe: cannot open output file Project1.exe: Permission denied
collect2.exe: error: ld returned 1 exit status
20:04:31 **** Incremental Build of configuration Debug for project Project1 ****
Info: Internal Builder is used for build
gcc -o Project1.exe Project1.o 
Info: Nothing to build for Project1
20:05:36 **** Incremental Build of configuration Debug for project Project1 ****
Info: Internal Builder is used for build
gcc -O0 -g3 -Wall -c -fmessage-length=0 -o Project1.o "..\\Project1.c" 
gcc -o Project1.exe Project1.o 
Info: Nothing to build for Project1
20:06:35 **** Incremental Build of configuration Debug for project Project1 ****
Info: Internal Builder is used for build
gcc -O0 -g3 -Wall -c -fmessage-length=0 -o Project1.o "..\\Project1.c" 
..\Project1.c: In function 'main':
..\Project1.c:238:23: warning: suggest parentheses around '&&' within '||' [-Wparentheses]
  238 |         if(input1=='a'&&input2=='b' || input4=='a'){
      |            ~~~~~~~~~~~^~~~~~~~~~~~~
gcc -o Project1.exe Project1.o 
c:/mingw/bin/../lib/gcc/x86_64-w64-mingw32/12.1.0/../../../../x86_64-w64-mingw32/bin/ld.exe: cannot open output file Project1.exe: Permission denied
collect2.exe: error: ld returned 1 exit status
20:06:44 **** Incremental Build of configuration Debug for project Project1 ****
Info: Internal Builder is used for build
gcc -o Project1.exe Project1.o 
Info: Nothing to build for Project1
Info: Nothing to build for Project1
20:09:05 **** Incremental Build of configuration Debug for project Project1 ****
Info: Internal Builder is used for build
gcc -O0 -g3 -Wall -c -fmessage-length=0 -o Project1.o "..\\Project1.c" 
gcc -o Project1.exe Project1.o 
Info: Nothing to build for Project1
Info: Nothing to build for Project1
20:13:58 **** Incremental Build of configuration Debug for project Project1 ****
Info: Internal Builder is used for build
gcc -O0 -g3 -Wall -c -fmessage-length=0 -o Project1.o "..\\Project1.c" 
gcc -o Project1.exe Project1.o 
Info: Nothing to build for Project1
Info: Nothing to build for Project1
20:28:50 **** Incremental Build of configuration Debug for project Project1 ****
Info: Internal Builder is used for build
gcc -O0 -g3 -Wall -c -fmessage-length=0 -o Project1.o "..\\Project1.c" 
..\Project1.c: In function 'main':
..\Project1.c:274:41: warning: unused variable 'x' [-Wunused-variable]
  274 |         char input1,input2,color,temp , x;
      |                                         ^
gcc -o Project1.exe Project1.o 
Info: Nothing to build for Project1
20:30:25 **** Incremental Build of configuration Debug for project Project1 ****
Info: Internal Builder is used for build
gcc -O0 -g3 -Wall -c -fmessage-length=0 -o Project1.o "..\\Project1.c" 
..\Project1.c: In function 'main':
..\Project1.c:313:9: warning: format '%d' expects argument of type 'int *', but argument 2 has type 'char *' [-Wformat=]
  313 | scanf("%d",&input2);
      |        ~^  ~~~~~~~
      |         |  |
      |         |  char *
      |         int *
      |        %hhd
..\Project1.c:274:41: warning: unused variable 'x' [-Wunused-variable]
  274 |         char input1,input2,color,temp , x;
      |                                         ^
gcc -o Project1.exe Project1.o 
20:31:03 **** Incremental Build of configuration Debug for project Project1 ****
Info: Internal Builder is used for build
gcc -O0 -g3 -Wall -c -fmessage-length=0 -o Project1.o "..\\Project1.c" 
..\Project1.c: In function 'main':
..\Project1.c:313:17: warning: format '%d' expects argument of type 'int *', but argument 2 has type 'char *' [-Wformat=]
  313 |         scanf("%d",&input2);
      |                ~^  ~~~~~~~
      |                 |  |
      |                 |  char *
      |                 int *
      |                %hhd
..\Project1.c:274:41: warning: unused variable 'x' [-Wunused-variable]
  274 |         char input1,input2,color,temp , x;
      |                                         ^
gcc -o Project1.exe Project1.o 
20:31:22 **** Incremental Build of configuration Debug for project Project1 ****
Info: Internal Builder is used for build
gcc -O0 -g3 -Wall -c -fmessage-length=0 -o Project1.o "..\\Project1.c" 
..\Project1.c: In function 'main':
..\Project1.c:274:41: warning: unused variable 'x' [-Wunused-variable]
  274 |         char input1,input2,color,temp , x;
      |                                         ^
gcc -o Project1.exe Project1.o 
Info: Nothing to build for Project1
20:32:34 **** Incremental Build of configuration Debug for project Project1 ****
Info: Internal Builder is used for build
gcc -O0 -g3 -Wall -c -fmessage-length=0 -o Project1.o "..\\Project1.c" 
..\Project1.c: In function 'main':
..\Project1.c:274:41: warning: unused variable 'x' [-Wunused-variable]
  274 |         char input1,input2,color,temp , x;
      |                                         ^
gcc -o Project1.exe Project1.o 
Info: Nothing to build for Project1
20:37:21 **** Incremental Build of configuration Debug for project Project1 ****
Info: Internal Builder is used for build
gcc -O0 -g3 -Wall -c -fmessage-length=0 -o Project1.o "..\\Project1.c" 
..\Project1.c: In function 'main':
..\Project1.c:314:17: warning: format '%d' expects argument of type 'int *', but argument 2 has type 'char *' [-Wformat=]
  314 |         scanf("%d",&input2);
      |                ~^  ~~~~~~~
      |                 |  |
      |                 |  char *
      |                 int *
      |                %hhd
..\Project1.c:274:41: warning: unused variable 'x' [-Wunused-variable]
  274 |         char input1,input2,color,temp , x;
      |                                         ^
gcc -o Project1.exe Project1.o 
20:37:30 **** Incremental Build of configuration Debug for project Project1 ****
Info: Internal Builder is used for build
gcc -O0 -g3 -Wall -c -fmessage-length=0 -o Project1.o "..\\Project1.c" 
..\Project1.c: In function 'main':
..\Project1.c:274:41: warning: unused variable 'x' [-Wunused-variable]
  274 |         char input1,input2,color,temp , x;
      |                                         ^
gcc -o Project1.exe Project1.o 
Info: Nothing to build for Project1
Info: Nothing to build for Project1
20:47:10 **** Incremental Build of configuration Debug for project Project1 ****
Info: Internal Builder is used for build
gcc -O0 -g3 -Wall -c -fmessage-length=0 -o Project1.o "..\\Project1.c" 
..\Project1.c: In function 'third_choice':
..\Project1.c:106:9: warning: implicit declaration of function 'firstlist'; did you mean 'firstList'? [-Wimplicit-function-declaration]
  106 |         firstlist(input1);
      |         ^~~~~~~~~
      |         firstList
gcc -o Project1.exe Project1.o 
c:/mingw/bin/../lib/gcc/x86_64-w64-mingw32/12.1.0/../../../../x86_64-w64-mingw32/bin/ld.exe: Project1.o: in function `third_choice':
E:\Embedded Course\Project1\Project1\Debug/../Project1.c:106: undefined reference to `firstlist'
collect2.exe: error: ld returned 1 exit status
20:49:15 **** Incremental Build of configuration Debug for project Project1 ****
Info: Internal Builder is used for build
gcc -O0 -g3 -Wall -c -fmessage-length=0 -o Project1.o "..\\Project1.c" 
..\Project1.c: In function 'main':
..\Project1.c:292:9: warning: implicit declaration of function 'firstlist'; did you mean 'firstList'? [-Wimplicit-function-declaration]
  292 |         firstlist(x);
      |         ^~~~~~~~~
      |         firstList
gcc -o Project1.exe Project1.o 
c:/mingw/bin/../lib/gcc/x86_64-w64-mingw32/12.1.0/../../../../x86_64-w64-mingw32/bin/ld.exe: Project1.o: in function `main':
E:\Embedded Course\Project1\Project1\Debug/../Project1.c:292: undefined reference to `firstlist'
collect2.exe: error: ld returned 1 exit status
20:49:45 **** Incremental Build of configuration Debug for project Project1 ****
Info: Internal Builder is used for build
gcc -O0 -g3 -Wall -c -fmessage-length=0 -o Project1.o "..\\Project1.c" 
gcc -o Project1.exe Project1.o 
Info: Nothing to build for Project1
20:51:34 **** Incremental Build of configuration Debug for project Project1 ****
Info: Internal Builder is used for build
gcc -O0 -g3 -Wall -c -fmessage-length=0 -o Project1.o "..\\Project1.c" 
..\Project1.c: In function 'main':
..\Project1.c:277:40: warning: unused variable 'x' [-Wunused-variable]
  277 |         char input1,input2,color,temp, x ;
      |                                        ^
gcc -o Project1.exe Project1.o 
20:51:46 **** Incremental Build of configuration Debug for project Project1 ****
Info: Internal Builder is used for build
gcc -O0 -g3 -Wall -c -fmessage-length=0 -o Project1.o "..\\Project1.c" 
gcc -o Project1.exe Project1.o 
Info: Nothing to build for Project1
20:53:11 **** Incremental Build of configuration Debug for project Project1 ****
Info: Internal Builder is used for build
gcc -O0 -g3 -Wall -c -fmessage-length=0 -o Project1.o "..\\Project1.c" 
gcc -o Project1.exe Project1.o 
c:/mingw/bin/../lib/gcc/x86_64-w64-mingw32/12.1.0/../../../../x86_64-w64-mingw32/bin/ld.exe: cannot open output file Project1.exe: Permission denied
collect2.exe: error: ld returned 1 exit status
20:53:17 **** Incremental Build of configuration Debug for project Project1 ****
Info: Internal Builder is used for build
gcc -o Project1.exe Project1.o 
Info: Nothing to build for Project1
21:12:22 **** Incremental Build of configuration Debug for project Project1 ****
Info: Internal Builder is used for build
gcc -O0 -g3 -Wall -c -fmessage-length=0 -o Project1.o "..\\Project1.c" 
gcc -o Project1.exe Project1.o 
Info: Nothing to build for Project1
21:13:57 **** Incremental Build of configuration Debug for project Project1 ****
Info: Internal Builder is used for build
gcc -O0 -g3 -Wall -c -fmessage-length=0 -o Project1.o "..\\Project1.c" 
gcc -o Project1.exe Project1.o 
Info: Nothing to build for Project1
21:19:56 **** Incremental Build of configuration Debug for project Project1 ****
Info: Internal Builder is used for build
gcc -O0 -g3 -Wall -c -fmessage-length=0 -o Project1.o "..\\Project1.c" 
..\Project1.c: In function 'main':
..\Project1.c:278:39: warning: unused variable 'x' [-Wunused-variable]
  278 |         char input1,input2,color,temp,x;
      |                                       ^
gcc -o Project1.exe Project1.o 
Info: Nothing to build for Project1
21:26:21 **** Incremental Build of configuration Debug for project Project1 ****
Info: Internal Builder is used for build
gcc -O0 -g3 -Wall -c -fmessage-length=0 -o Project1.o "..\\Project1.c" 
..\Project1.c: In function 'main':
..\Project1.c:274:39: warning: unused variable 'x' [-Wunused-variable]
  274 |         char input1,input2,color,temp,x;
      |                                       ^
gcc -o Project1.exe Project1.o 
Info: Nothing to build for Project1
21:30:38 **** Incremental Build of configuration Debug for project Project1 ****
Info: Internal Builder is used for build
gcc -O0 -g3 -Wall -c -fmessage-length=0 -o Project1.o "..\\Project1.c" 
gcc -o Project1.exe Project1.o 
Info: Nothing to build for Project1
21:35:55 **** Incremental Build of configuration Debug for project Project1 ****
Info: Internal Builder is used for build
gcc -O0 -g3 -Wall -c -fmessage-length=0 -o Project1.o "..\\Project1.c" 
..\Project1.c: In function 'main':
..\Project1.c:234:39: warning: unused variable 'x' [-Wunused-variable]
  234 |         char input1,input2,color,temp,x;
      |                                       ^
gcc -o Project1.exe Project1.o 
Info: Nothing to build for Project1
Info: Nothing to build for Project1
Info: Nothing to build for Project1
21:45:46 **** Incremental Build of configuration Debug for project Project1 ****
Info: Internal Builder is used for build
gcc -O0 -g3 -Wall -c -fmessage-length=0 -o Project1.o "..\\Project1.c" 
..\Project1.c: In function 'main':
..\Project1.c:234:39: warning: unused variable 'x' [-Wunused-variable]
  234 |         char input1,input2,color,temp,x;
      |                                       ^
gcc -o Project1.exe Project1.o 
Info: Nothing to build for Project1
21:52:37 **** Incremental Build of configuration Debug for project Project1 ****
Info: Internal Builder is used for build
gcc -O0 -g3 -Wall -c -fmessage-length=0 -o Project1.o "..\\Project1.c" 
..\Project1.c: In function 'vehicle_speed':
..\Project1.c:230:64: error: expected ';' before '}' token
  230 |                 printf("Turn ON Engine Temperature Controller")
      |                                                                ^
      |                                                                ;
  231 |         }
      |         ~                                                       
..\Project1.c: In function 'main':
..\Project1.c:276:18: warning: format '%d' expects argument of type 'int *', but argument 2 has type 'char *' [-Wformat=]
  276 |         scanf(" %d",&speed);
      |                 ~^  ~~~~~~
      |                  |  |
      |                  |  char *
      |                  int *
      |                 %hhd
..\Project1.c:235:46: warning: unused variable 'x' [-Wunused-variable]
  235 |         char input1,input2,color,temp,speed ,x;
      |                                              ^
21:53:16 **** Incremental Build of configuration Debug for project Project1 ****
Info: Internal Builder is used for build
gcc -O0 -g3 -Wall -c -fmessage-length=0 -o Project1.o "..\\Project1.c" 
..\Project1.c: In function 'main':
..\Project1.c:235:40: warning: unused variable 'x' [-Wunused-variable]
  235 |         char input1,input2,color,temp, x;
      |                                        ^
gcc -o Project1.exe Project1.o 
Info: Nothing to build for Project1
22:09:42 **** Incremental Build of configuration Debug for project Project1 ****
Info: Internal Builder is used for build
gcc -O0 -g3 -Wall -c -fmessage-length=0 -o Project1.o "..\\Project1.c" 
..\Project1.c: In function 'main':
..\Project1.c:236:13: warning: unused variable 'speed' [-Wunused-variable]
  236 |         int speed ;
      |             ^~~~~
..\Project1.c:235:40: warning: unused variable 'x' [-Wunused-variable]
  235 |         char input1,input2,color,temp, x;
      |                                        ^
gcc -o Project1.exe Project1.o 
Info: Nothing to build for Project1
22:37:51 **** Incremental Build of configuration Debug for project Project1 ****
Info: Internal Builder is used for build
gcc -O0 -g3 -Wall -c -fmessage-length=0 -o Project1.o "..\\Project1.c" 
gcc -o Project1.exe Project1.o 
Info: Nothing to build for Project1
22:41:56 **** Incremental Build of configuration Debug for project Project1 ****
Info: Internal Builder is used for build
gcc -O0 -g3 -Wall -c -fmessage-length=0 -o Project1.o "..\\Project1.c" 
..\Project1.c: In function 'room_temperature':
..\Project1.c:176:9: warning: implicit declaration of function 'vehicle_speed' [-Wimplicit-function-declaration]
  176 |         vehicle_speed(speed);
      |         ^~~~~~~~~~~~~
..\Project1.c: At top level:
..\Project1.c:227:6: warning: conflicting types for 'vehicle_speed'; have 'void(int)'
  227 | void vehicle_speed(int speed){
      |      ^~~~~~~~~~~~~
..\Project1.c:176:9: note: previous implicit declaration of 'vehicle_speed' with type 'void(int)'
  176 |         vehicle_speed(speed);
      |         ^~~~~~~~~~~~~
gcc -o Project1.exe Project1.o 
22:42:42 **** Incremental Build of configuration Debug for project Project1 ****
Info: Internal Builder is used for build
gcc -O0 -g3 -Wall -c -fmessage-length=0 -o Project1.o "..\\Project1.c" 
..\Project1.c: In function 'vehicle_speed':
..\Project1.c:238:5: warning: 'main' is normally a non-static function [-Wmain]
  238 | int main(){
      |     ^~~~
..\Project1.c:286:1: error: expected declaration or statement at end of input
  286 | }
      | ^
..\Project1.c: At top level:
..\Project1.c:238:5: warning: 'main' defined but not used [-Wunused-function]
  238 | int main(){
      |     ^~~~
22:43:05 **** Incremental Build of configuration Debug for project Project1 ****
Info: Internal Builder is used for build
gcc -O0 -g3 -Wall -c -fmessage-length=0 -o Project1.o "..\\Project1.c" 
..\Project1.c: In function 'vehicle_speed':
..\Project1.c:239:5: warning: 'main' is normally a non-static function [-Wmain]
  239 | int main(){
      |     ^~~~
..\Project1.c:287:1: error: expected declaration or statement at end of input
  287 | }
      | ^
..\Project1.c: At top level:
..\Project1.c:239:5: warning: 'main' defined but not used [-Wunused-function]
  239 | int main(){
      |     ^~~~
22:44:17 **** Incremental Build of configuration Debug for project Project1 ****
Info: Internal Builder is used for build
gcc -O0 -g3 -Wall -c -fmessage-length=0 -o Project1.o "..\\Project1.c" 
gcc -o Project1.exe Project1.o 
Info: Nothing to build for Project1
22:47:15 **** Incremental Build of configuration Debug for project Project1 ****
Info: Internal Builder is used for build
gcc -O0 -g3 -Wall -c -fmessage-length=0 -o Project1.o "..\\Project1.c" 
..\Project1.c: In function 'room_temperature':
..\Project1.c:136:13: warning: unused variable 'speed' [-Wunused-variable]
  136 |         int speed;
      |             ^~~~~
..\Project1.c: In function 'engine_temperature':
..\Project1.c:185:13: warning: unused variable 'speed' [-Wunused-variable]
  185 |         int speed;
      |             ^~~~~
gcc -o Project1.exe Project1.o 
22:47:59 **** Incremental Build of configuration Debug for project Project1 ****
Info: Internal Builder is used for build
gcc -O0 -g3 -Wall -c -fmessage-length=0 -o Project1.o "..\\Project1.c" 
gcc -o Project1.exe Project1.o 
23:01:27 **** Incremental Build of configuration Debug for project Project1 ****
Info: Internal Builder is used for build
gcc -O0 -g3 -Wall -c -fmessage-length=0 -o Project1.o "..\\Project1.c" 
gcc -o Project1.exe Project1.o 
Info: Nothing to build for Project1
23:03:15 **** Incremental Build of configuration Debug for project Project1 ****
Info: Internal Builder is used for build
gcc -O0 -g3 -Wall -c -fmessage-length=0 -o Project1.o "..\\Project1.c" 
gcc -o Project1.exe Project1.o 
Info: Nothing to build for Project1
23:04:03 **** Incremental Build of configuration Debug for project Project1 ****
Info: Internal Builder is used for build
gcc -O0 -g3 -Wall -c -fmessage-length=0 -o Project1.o "..\\Project1.c" 
gcc -o Project1.exe Project1.o 
Info: Nothing to build for Project1
23:08:56 **** Incremental Build of configuration Debug for project Project1 ****
Info: Internal Builder is used for build
gcc -O0 -g3 -Wall -c -fmessage-length=0 -o Project1.o "..\\Project1.c" 
gcc -o Project1.exe Project1.o 
Info: Nothing to build for Project1
23:10:41 **** Incremental Build of configuration Debug for project Project1 ****
Info: Internal Builder is used for build
gcc -O0 -g3 -Wall -c -fmessage-length=0 -o Project1.o "..\\Project1.c" 
gcc -o Project1.exe Project1.o 
Info: Nothing to build for Project1
23:11:42 **** Incremental Build of configuration Debug for project Project1 ****
Info: Internal Builder is used for build
gcc -O0 -g3 -Wall -c -fmessage-length=0 -o Project1.o "..\\Project1.c" 
gcc -o Project1.exe Project1.o 
Info: Nothing to build for Project1
23:13:06 **** Incremental Build of configuration Debug for project Project1 ****
Info: Internal Builder is used for build
gcc -O0 -g3 -Wall -c -fmessage-length=0 -o Project1.o "..\\Project1.c" 
gcc -o Project1.exe Project1.o 
Info: Nothing to build for Project1
23:25:27 **** Incremental Build of configuration Debug for project Project1 ****
Info: Internal Builder is used for build
gcc -O0 -g3 -Wall -c -fmessage-length=0 -o Project1.o "..\\Project1.c" 
..\Project1.c: In function 'firstList':
..\Project1.c:31:17: warning: implicit declaration of function 'exit' [-Wimplicit-function-declaration]
   31 |                 exit(0);
      |                 ^~~~
..\Project1.c:10:1: note: include '<stdlib.h>' or provide a declaration of 'exit'
    9 | #include <stdio.h>
  +++ |+#include <stdlib.h>
   10 | #define state_on 1
..\Project1.c:31:17: warning: incompatible implicit declaration of built-in function 'exit' [-Wbuiltin-declaration-mismatch]
   31 |                 exit(0);
      |                 ^~~~
..\Project1.c:31:17: note: include '<stdlib.h>' or provide a declaration of 'exit'
gcc -o Project1.exe Project1.o 
23:27:00 **** Incremental Build of configuration Debug for project Project1 ****
Info: Internal Builder is used for build
gcc -O0 -g3 -Wall -c -fmessage-length=0 -o Project1.o "..\\Project1.c" 
gcc -o Project1.exe Project1.o 
Info: Nothing to build for Project1
Info: Nothing to build for Project1
Info: Nothing to build for Project1
23:28:10 **** Incremental Build of configuration Debug for project Project1 ****
Info: Internal Builder is used for build
gcc -O0 -g3 -Wall -c -fmessage-length=0 -o Project1.o "..\\Project1.c" 
..\Project1.c: In function 'firstList':
..\Project1.c:31:17: warning: implicit declaration of function 'exit' [-Wimplicit-function-declaration]
   31 |                 exit(0);
      |                 ^~~~
..\Project1.c:10:1: note: include '<stdlib.h>' or provide a declaration of 'exit'
    9 | #include <stdio.h>
  +++ |+#include <stdlib.h>
   10 | #define state_on 1
..\Project1.c:31:17: warning: incompatible implicit declaration of built-in function 'exit' [-Wbuiltin-declaration-mismatch]
   31 |                 exit(0);
      |                 ^~~~
..\Project1.c:31:17: note: include '<stdlib.h>' or provide a declaration of 'exit'
gcc -o Project1.exe Project1.o 
23:28:35 **** Incremental Build of configuration Debug for project Project1 ****
Info: Internal Builder is used for build
gcc -O0 -g3 -Wall -c -fmessage-length=0 -o Project1.o "..\\Project1.c" 
gcc -o Project1.exe Project1.o 
Info: Nothing to build for Project1
23:29:04 **** Incremental Build of configuration Debug for project Project1 ****
Info: Internal Builder is used for build
gcc -O0 -g3 -Wall -c -fmessage-length=0 -o Project1.o "..\\Project1.c" 
gcc -o Project1.exe Project1.o 
Info: Nothing to build for Project1
Info: Nothing to build for Project1
23:56:48 **** Incremental Build of configuration Debug for project Project1 ****
Info: Internal Builder is used for build
gcc -O0 -g3 -Wall -c -fmessage-length=0 -o Project1.o "..\\Project1.c" 
gcc -o Project1.exe Project1.o 
Info: Nothing to build for Project1
Info: Nothing to build for Project1
Info: Nothing to build for Project1
23:58:42 **** Incremental Build of configuration Debug for project Project1 ****
Info: Internal Builder is used for build
gcc -O0 -g3 -Wall -c -fmessage-length=0 -o Project1.o "..\\Project1.c" 
gcc -o Project1.exe Project1.o 
Info: Nothing to build for Project1
23:59:48 **** Incremental Build of configuration Debug for project Project1 ****
Info: Internal Builder is used for build
gcc -O0 -g3 -Wall -c -fmessage-length=0 -o Project1.o "..\\Project1.c" 
gcc -o Project1.exe Project1.o 
Info: Nothing to build for Project1
00:01:37 **** Incremental Build of configuration Debug for project Project1 ****
Info: Internal Builder is used for build
gcc -O0 -g3 -Wall -c -fmessage-length=0 -o Project1.o "..\\Project1.c" 
gcc -o Project1.exe Project1.o 
Info: Nothing to build for Project1
00:07:59 **** Incremental Build of configuration Debug for project Project1 ****
Info: Internal Builder is used for build
gcc -O0 -g3 -Wall -c -fmessage-length=0 -o Project1.o "..\\Project1.c" 
gcc -o Project1.exe Project1.o 
Info: Nothing to build for Project1
00:08:56 **** Incremental Build of configuration Debug for project Project1 ****
Info: Internal Builder is used for build
gcc -O0 -g3 -Wall -c -fmessage-length=0 -o Project1.o "..\\Project1.c" 
..\Project1.c: In function 'main':
..\Project1.c:292:17: warning: 'speed' is used uninitialized [-Wuninitialized]
  292 |                 vehicle_speed(speed);
      |                 ^~~~~~~~~~~~~~~~~~~~
..\Project1.c:251:13: note: 'speed' was declared here
  251 |         int speed ;
      |             ^~~~~
gcc -o Project1.exe Project1.o 
Info: Nothing to build for Project1
00:09:53 **** Incremental Build of configuration Debug for project Project1 ****
Info: Internal Builder is used for build
gcc -O0 -g3 -Wall -c -fmessage-length=0 -o Project1.o "..\\Project1.c" 
gcc -o Project1.exe Project1.o 
Info: Nothing to build for Project1
00:11:53 **** Incremental Build of configuration Debug for project Project1 ****
Info: Internal Builder is used for build
gcc -O0 -g3 -Wall -c -fmessage-length=0 -o Project1.o "..\\Project1.c" 
gcc -o Project1.exe Project1.o 
Info: Nothing to build for Project1
00:12:55 **** Incremental Build of configuration Debug for project Project1 ****
Info: Internal Builder is used for build
gcc -O0 -g3 -Wall -c -fmessage-length=0 -o Project1.o "..\\Project1.c" 
..\Project1.c: In function 'main':
..\Project1.c:291:26: warning: format '%c' expects argument of type 'char *', but argument 2 has type 'int *' [-Wformat=]
  291 |                 scanf(" %c",&speed);
      |                         ~^  ~~~~~~
      |                          |  |
      |                          |  int *
      |                          char *
      |                         %d
gcc -o Project1.exe Project1.o 
00:13:16 **** Incremental Build of configuration Debug for project Project1 ****
Info: Internal Builder is used for build
gcc -O0 -g3 -Wall -c -fmessage-length=0 -o Project1.o "..\\Project1.c" 
gcc -o Project1.exe Project1.o 
Info: Nothing to build for Project1
00:14:19 **** Incremental Build of configuration Debug for project Project1 ****
Info: Internal Builder is used for build
gcc -O0 -g3 -Wall -c -fmessage-length=0 -o Project1.o "..\\Project1.c" 
..\Project1.c: In function 'main':
..\Project1.c:249:18: error: expected ';' before 'char'
  249 |         int speed
      |                  ^
      |                  ;
  250 |         char input1,input2,color,temp;
      |         ~~~~      
..\Project1.c:292:30: error: 'speed' undeclared (first use in this function)
  292 |                 scanf(" %d",&speed);
      |                              ^~~~~
..\Project1.c:292:30: note: each undeclared identifier is reported only once for each function it appears in
00:14:34 **** Incremental Build of configuration Debug for project Project1 ****
Info: Internal Builder is used for build
gcc -O0 -g3 -Wall -c -fmessage-length=0 -o Project1.o "..\\Project1.c" 
gcc -o Project1.exe Project1.o 
Info: Nothing to build for Project1
00:22:50 **** Incremental Build of configuration Debug for project Project1 ****
Info: Internal Builder is used for build
gcc -O0 -g3 -Wall -c -fmessage-length=0 -o Project1.o "..\\Project1.c" 
..\Project1.c:240:6: error: redefinition of 'vehicle_speed'
  240 | void vehicle_speed(int speed){
      |      ^~~~~~~~~~~~~
..\Project1.c:85:6: note: previous definition of 'vehicle_speed' with type 'void(int)'
   85 | void vehicle_speed(int speed){
      |      ^~~~~~~~~~~~~
00:24:15 **** Incremental Build of configuration Debug for project Project1 ****
Info: Internal Builder is used for build
gcc -O0 -g3 -Wall -c -fmessage-length=0 -o Project1.o "..\\Project1.c" 
gcc -o Project1.exe Project1.o 
00:24:41 **** Incremental Build of configuration Debug for project Project1 ****
Info: Internal Builder is used for build
gcc -O0 -g3 -Wall -c -fmessage-length=0 -o Project1.o "..\\Project1.c" 
gcc -o Project1.exe Project1.o 
Info: Nothing to build for Project1
00:46:07 **** Incremental Build of configuration Debug for project Project1 ****
Info: Internal Builder is used for build
gcc -O0 -g3 -Wall -c -fmessage-length=0 -o Project1.o "..\\Project1.c" 
gcc -o Project1.exe Project1.o 
Info: Nothing to build for Project1
01:03:25 **** Incremental Build of configuration Debug for project Project1 ****
Info: Internal Builder is used for build
gcc -O0 -g3 -Wall -c -fmessage-length=0 -o Project1.o "..\\Project1.c" 
..\Project1.c: In function 'traffic_light':
..\Project1.c:115:17: error: 'temp' undeclared (first use in this function)
  115 |                 temp=120;
      |                 ^~~~
..\Project1.c:115:17: note: each undeclared identifier is reported only once for each function it appears in
..\Project1.c: At top level:
..\Project1.c:152:6: error: 'room_temperature' redeclared as different kind of symbol
  152 | void room_temperature(int temp1){
      |      ^~~~~~~~~~~~~~~~
..\Project1.c:16:28: note: previous definition of 'room_temperature' with type 'int'
   16 | int engine_temperature =0, room_temperature=0;
      |                            ^~~~~~~~~~~~~~~~
..\Project1.c:197:6: error: 'engine_temperature' redeclared as different kind of symbol
  197 | void engine_temperature(int temp2){
      |      ^~~~~~~~~~~~~~~~~~
..\Project1.c:16:5: note: previous definition of 'engine_temperature' with type 'int'
   16 | int engine_temperature =0, room_temperature=0;
      |     ^~~~~~~~~~~~~~~~~~
01:04:26 **** Incremental Build of configuration Debug for project Project1 ****
Info: Internal Builder is used for build
gcc -O0 -g3 -Wall -c -fmessage-length=0 -o Project1.o "..\\Project1.c" 
..\Project1.c: In function 'traffic_light':
..\Project1.c:115:17: error: 'temp' undeclared (first use in this function)
  115 |                 temp=120;
      |                 ^~~~
..\Project1.c:115:17: note: each undeclared identifier is reported only once for each function it appears in
01:04:41 **** Incremental Build of configuration Debug for project Project1 ****
Info: Internal Builder is used for build
gcc -O0 -g3 -Wall -c -fmessage-length=0 -o Project1.o "..\\Project1.c" 
..\Project1.c: In function 'traffic_light':
..\Project1.c:125:52: error: 'temp' undeclared (first use in this function)
  125 |                         printf("temperature= %d\n",temp);
      |                                                    ^~~~
..\Project1.c:125:52: note: each undeclared identifier is reported only once for each function it appears in
01:05:03 **** Incremental Build of configuration Debug for project Project1 ****
Info: Internal Builder is used for build
gcc -O0 -g3 -Wall -c -fmessage-length=0 -o Project1.o "..\\Project1.c" 
..\Project1.c: In function 'traffic_light':
..\Project1.c:125:47: warning: format '%d' expects a matching 'int' argument [-Wformat=]
  125 |                         printf("temperature= %d\n");
      |                                              ~^
      |                                               |
      |                                               int
gcc -o Project1.exe Project1.o 
01:05:24 **** Incremental Build of configuration Debug for project Project1 ****
Info: Internal Builder is used for build
gcc -O0 -g3 -Wall -c -fmessage-length=0 -o Project1.o "..\\Project1.c" 
gcc -o Project1.exe Project1.o 
Info: Nothing to build for Project1
01:13:52 **** Incremental Build of configuration Debug for project Project1 ****
Info: Internal Builder is used for build
gcc -O0 -g3 -Wall -c -fmessage-length=0 -o Project1.o "..\\Project1.c" 
gcc -o Project1.exe Project1.o 
Info: Nothing to build for Project1
01:34:13 **** Incremental Build of configuration Debug for project Project1 ****
Info: Internal Builder is used for build
gcc -O0 -g3 -Wall -c -fmessage-length=0 -o Project1.o "..\\Project1.c" 
gcc -o Project1.exe Project1.o 
Info: Nothing to build for Project1
01:35:51 **** Incremental Build of configuration Debug for project Project1 ****
Info: Internal Builder is used for build
gcc -O0 -g3 -Wall -c -fmessage-length=0 -o Project1.o "..\\Project1.c" 
gcc -o Project1.exe Project1.o 
Info: Nothing to build for Project1
01:36:33 **** Incremental Build of configuration Debug for project Project1 ****
Info: Internal Builder is used for build
gcc -O0 -g3 -Wall -c -fmessage-length=0 -o Project1.o "..\\Project1.c" 
gcc -o Project1.exe Project1.o 
01:49:32 **** Incremental Build of configuration Debug for project Project1 ****
Info: Internal Builder is used for build
gcc -O0 -g3 -Wall -c -fmessage-length=0 -o Project1.o "..\\Project1.c" 
gcc -o Project1.exe Project1.o 
Info: Nothing to build for Project1
01:51:41 **** Incremental Build of configuration Debug for project Project1 ****
Info: Internal Builder is used for build
gcc -O0 -g3 -Wall -c -fmessage-length=0 -o Project1.o "..\\Project1.c" 
..\Project1.c: In function 'room_temperature':
..\Project1.c:165:20: warning: multi-character character constant [-Wmultichar]
  165 |                 AC='ON',rtemperature=20;
      |                    ^~~~
gcc -o Project1.exe Project1.o 
c:/mingw/bin/../lib/gcc/x86_64-w64-mingw32/12.1.0/../../../../x86_64-w64-mingw32/bin/ld.exe: cannot open output file Project1.exe: Permission denied
collect2.exe: error: ld returned 1 exit status
01:51:46 **** Incremental Build of configuration Debug for project Project1 ****
Info: Internal Builder is used for build
gcc -o Project1.exe Project1.o 
Info: Nothing to build for Project1
01:53:54 **** Incremental Build of configuration Debug for project Project1 ****
Info: Internal Builder is used for build
gcc -O0 -g3 -Wall -c -fmessage-length=0 -o Project1.o "..\\Project1.c" 
..\Project1.c: In function 'room_temperature':
..\Project1.c:166:20: warning: multi-character character constant [-Wmultichar]
  166 |                 AC='ON',rtemperature=20;
      |                    ^~~~
gcc -o Project1.exe Project1.o 
01:56:21 **** Incremental Build of configuration Debug for project Project1 ****
Info: Internal Builder is used for build
gcc -O0 -g3 -Wall -c -fmessage-length=0 -o Project1.o "..\\Project1.c" 
..\Project1.c:18:6: error: conflicting types for 'AC'; have 'char'
   18 | char AC;
      |      ^~
..\Project1.c:15:53: note: previous definition of 'AC' with type 'int'
   15 | int speed =0, engine_state=ON, controller_state=ON ,AC=ON;
      |                                                     ^~
01:56:34 **** Incremental Build of configuration Debug for project Project1 ****
Info: Internal Builder is used for build
gcc -O0 -g3 -Wall -c -fmessage-length=0 -o Project1.o "..\\Project1.c" 
gcc -o Project1.exe Project1.o 
02:01:51 **** Incremental Build of configuration Debug for project Project1 ****
Info: Internal Builder is used for build
gcc -O0 -g3 -Wall -c -fmessage-length=0 -o Project1.o "..\\Project1.c" 
gcc -o Project1.exe Project1.o 
04:05:30 **** Rebuild of configuration Debug for project Project1 ****
Info: Internal Builder is used for build
gcc -O0 -g3 -Wall -c -fmessage-length=0 -o Project1.o "..\\Project1.c" 
gcc -o Project1.exe Project1.o 
Info: Nothing to build for Project1
04:21:33 **** Incremental Build of configuration Debug for project Project1 ****
Info: Internal Builder is used for build
gcc -O0 -g3 -Wall -c -fmessage-length=0 -o Project1.o "..\\Project1.c" 
gcc -o Project1.exe Project1.o 
Info: Nothing to build for Project1
04:47:07 **** Incremental Build of configuration Debug for project Project1 ****
Info: Internal Builder is used for build
gcc -O0 -g3 -Wall -c -fmessage-length=0 -o Project1.o "..\\Project1.c" 
gcc -o Project1.exe Project1.o 
Info: Nothing to build for Project1
04:47:52 **** Incremental Build of configuration Debug for project Project1 ****
Info: Internal Builder is used for build
gcc -O0 -g3 -Wall -c -fmessage-length=0 -o Project1.o "..\\Project1.c" 
gcc -o Project1.exe Project1.o 
Info: Nothing to build for Project1
Info: Nothing to build for Project1
Info: Nothing to build for Project1
Info: Nothing to build for Project1
04:49:08 **** Incremental Build of configuration Debug for project Project1 ****
Info: Internal Builder is used for build
gcc -O0 -g3 -Wall -c -fmessage-length=0 -o Project1.o "..\\Project1.c" 
gcc -o Project1.exe Project1.o 
Info: Nothing to build for Project1
05:08:41 **** Incremental Build of configuration Debug for project Project1 ****
Info: Internal Builder is used for build
gcc -O0 -g3 -Wall -c -fmessage-length=0 -o Project1.o "..\\Project1.c" 
gcc -o Project1.exe Project1.o 
05:11:20 **** Incremental Build of configuration Debug for project Project1 ****
Info: Internal Builder is used for build
gcc -O0 -g3 -Wall -c -fmessage-length=0 -o Project1.o "..\\Project1.c" 
gcc -o Project1.exe Project1.o 
Info: Nothing to build for Project1
05:38:54 **** Incremental Build of configuration Debug for project Project1 ****
Info: Internal Builder is used for build
gcc -O0 -g3 -Wall -c -fmessage-length=0 -o Project1.o "..\\Project1.c" 
gcc -o Project1.exe Project1.o 
Info: Nothing to build for Project1
Info: Nothing to build for Project1
05:44:04 **** Incremental Build of configuration Debug for project Project1 ****
Info: Internal Builder is used for build
gcc -O0 -g3 -Wall -c -fmessage-length=0 -o Project1.o "..\\Project1.c" 
gcc -o Project1.exe Project1.o 
Info: Nothing to build for Project1
Info: Nothing to build for Project1
Info: Nothing to build for Project1
05:46:35 **** Incremental Build of configuration Debug for project Project1 ****
Info: Internal Builder is used for build
gcc -O0 -g3 -Wall -c -fmessage-length=0 -o Project1.o "..\\Project1.c" 
gcc -o Project1.exe Project1.o 
Info: Nothing to build for Project1
05:55:55 **** Incremental Build of configuration Debug for project Project1 ****
Info: Internal Builder is used for build
gcc -O0 -g3 -Wall -c -fmessage-length=0 -o Project1.o "..\\Project1.c" 
gcc -o Project1.exe Project1.o 
c:/mingw/bin/../lib/gcc/x86_64-w64-mingw32/12.1.0/../../../../x86_64-w64-mingw32/bin/ld.exe: cannot open output file Project1.exe: Permission denied
collect2.exe: error: ld returned 1 exit status
05:56:01 **** Incremental Build of configuration Debug for project Project1 ****
Info: Internal Builder is used for build
gcc -o Project1.exe Project1.o 
06:03:56 **** Incremental Build of configuration Debug for project Project1 ****
Info: Internal Builder is used for build
gcc -O0 -g3 -Wall -c -fmessage-length=0 -o Project1.o "..\\Project1.c" 
..\Project1.c: In function 'room_temperature':
..\Project1.c:158:19: error: assignment to expression with array type
  158 |                 AC=ON, rtemperature=20;
      |                   ^
..\Project1.c:158:22: warning: left-hand operand of comma expression has no effect [-Wunused-value]
  158 |                 AC=ON, rtemperature=20;
      |                      ^
..\Project1.c:160:27: warning: multi-character character constant [-Wmultichar]
  160 |                 strcpy(AC,'ON');
      |                           ^~~~
..\Project1.c:160:27: warning: passing argument 2 of 'strcpy' makes pointer from integer without a cast [-Wint-conversion]
  160 |                 strcpy(AC,'ON');
      |                           ^~~~
      |                           |
      |                           int
In file included from ..\Project1.c:11:
c:\mingw\x86_64-w64-mingw32\include\string.h:61:77: note: expected 'const char * restrict' but argument is of type 'int'
   61 |   char * __cdecl strcpy(char * __restrict__ _Dest,const char * __restrict__ _Source);
      |                                                   ~~~~~~~~~~~~~~~~~~~~~~~~~~^~~~~~~
..\Project1.c:172:19: error: assignment to expression with array type
  172 |                 AC=ON,rtemperature=20;
      |                   ^
..\Project1.c:172:22: warning: left-hand operand of comma expression has no effect [-Wunused-value]
  172 |                 AC=ON,rtemperature=20;
      |                      ^
..\Project1.c:174:27: warning: multi-character character constant [-Wmultichar]
  174 |                 strcpy(AC,'ON');
      |                           ^~~~
..\Project1.c:174:27: warning: passing argument 2 of 'strcpy' makes pointer from integer without a cast [-Wint-conversion]
  174 |                 strcpy(AC,'ON');
      |                           ^~~~
      |                           |
      |                           int
c:\mingw\x86_64-w64-mingw32\include\string.h:61:77: note: expected 'const char * restrict' but argument is of type 'int'
   61 |   char * __cdecl strcpy(char * __restrict__ _Dest,const char * __restrict__ _Source);
      |                                                   ~~~~~~~~~~~~~~~~~~~~~~~~~~^~~~~~~
..\Project1.c:186:19: error: assignment to expression with array type
  186 |                 AC=OFF,rtemperature=20;
      |                   ^
..\Project1.c:186:23: warning: left-hand operand of comma expression has no effect [-Wunused-value]
  186 |                 AC=OFF,rtemperature=20;
      |                       ^
..\Project1.c:188:27: warning: multi-character character constant [-Wmultichar]
  188 |                 strcpy(AC,'ON');
      |                           ^~~~
..\Project1.c:188:27: warning: passing argument 2 of 'strcpy' makes pointer from integer without a cast [-Wint-conversion]
  188 |                 strcpy(AC,'ON');
      |                           ^~~~
      |                           |
      |                           int
c:\mingw\x86_64-w64-mingw32\include\string.h:61:77: note: expected 'const char * restrict' but argument is of type 'int'
   61 |   char * __cdecl strcpy(char * __restrict__ _Dest,const char * __restrict__ _Source);
      |                                                   ~~~~~~~~~~~~~~~~~~~~~~~~~~^~~~~~~
06:05:27 **** Incremental Build of configuration Debug for project Project1 ****
Info: Internal Builder is used for build
gcc -O0 -g3 -Wall -c -fmessage-length=0 -o Project1.o "..\\Project1.c" 
..\Project1.c: In function 'room_temperature':
..\Project1.c:160:27: warning: multi-character character constant [-Wmultichar]
  160 |                 strcpy(AC,'ON');
      |                           ^~~~
..\Project1.c:160:27: warning: passing argument 2 of 'strcpy' makes pointer from integer without a cast [-Wint-conversion]
  160 |                 strcpy(AC,'ON');
      |                           ^~~~
      |                           |
      |                           int
In file included from ..\Project1.c:11:
c:\mingw\x86_64-w64-mingw32\include\string.h:61:77: note: expected 'const char * restrict' but argument is of type 'int'
   61 |   char * __cdecl strcpy(char * __restrict__ _Dest,const char * __restrict__ _Source);
      |                                                   ~~~~~~~~~~~~~~~~~~~~~~~~~~^~~~~~~
..\Project1.c:174:27: warning: multi-character character constant [-Wmultichar]
  174 |                 strcpy(AC,'ON');
      |                           ^~~~
..\Project1.c:174:27: warning: passing argument 2 of 'strcpy' makes pointer from integer without a cast [-Wint-conversion]
  174 |                 strcpy(AC,'ON');
      |                           ^~~~
      |                           |
      |                           int
c:\mingw\x86_64-w64-mingw32\include\string.h:61:77: note: expected 'const char * restrict' but argument is of type 'int'
   61 |   char * __cdecl strcpy(char * __restrict__ _Dest,const char * __restrict__ _Source);
      |                                                   ~~~~~~~~~~~~~~~~~~~~~~~~~~^~~~~~~
..\Project1.c:188:27: warning: multi-character character constant [-Wmultichar]
  188 |                 strcpy(AC,'ON');
      |                           ^~~~
..\Project1.c:188:27: warning: passing argument 2 of 'strcpy' makes pointer from integer without a cast [-Wint-conversion]
  188 |                 strcpy(AC,'ON');
      |                           ^~~~
      |                           |
      |                           int
c:\mingw\x86_64-w64-mingw32\include\string.h:61:77: note: expected 'const char * restrict' but argument is of type 'int'
   61 |   char * __cdecl strcpy(char * __restrict__ _Dest,const char * __restrict__ _Source);
      |                                                   ~~~~~~~~~~~~~~~~~~~~~~~~~~^~~~~~~
gcc -o Project1.exe Project1.o 
06:07:47 **** Incremental Build of configuration Debug for project Project1 ****
Info: Internal Builder is used for build
gcc -O0 -g3 -Wall -c -fmessage-length=0 -o Project1.o "..\\Project1.c" 
..\Project1.c: In function 'room_temperature':
..\Project1.c:160:27: warning: multi-character character constant [-Wmultichar]
  160 |                 strcpy(AC,'ON');
      |                           ^~~~
..\Project1.c:160:27: warning: passing argument 2 of 'strcpy' makes pointer from integer without a cast [-Wint-conversion]
  160 |                 strcpy(AC,'ON');
      |                           ^~~~
      |                           |
      |                           int
In file included from ..\Project1.c:11:
c:\mingw\x86_64-w64-mingw32\include\string.h:61:77: note: expected 'const char * restrict' but argument is of type 'int'
   61 |   char * __cdecl strcpy(char * __restrict__ _Dest,const char * __restrict__ _Source);
      |                                                   ~~~~~~~~~~~~~~~~~~~~~~~~~~^~~~~~~
..\Project1.c:174:27: warning: multi-character character constant [-Wmultichar]
  174 |                 strcpy(AC,'ON');
      |                           ^~~~
..\Project1.c:174:27: warning: passing argument 2 of 'strcpy' makes pointer from integer without a cast [-Wint-conversion]
  174 |                 strcpy(AC,'ON');
      |                           ^~~~
      |                           |
      |                           int
c:\mingw\x86_64-w64-mingw32\include\string.h:61:77: note: expected 'const char * restrict' but argument is of type 'int'
   61 |   char * __cdecl strcpy(char * __restrict__ _Dest,const char * __restrict__ _Source);
      |                                                   ~~~~~~~~~~~~~~~~~~~~~~~~~~^~~~~~~
..\Project1.c:188:27: warning: multi-character character constant [-Wmultichar]
  188 |                 strcpy(AC,'OFF');
      |                           ^~~~~
..\Project1.c:188:27: warning: passing argument 2 of 'strcpy' makes pointer from integer without a cast [-Wint-conversion]
  188 |                 strcpy(AC,'OFF');
      |                           ^~~~~
      |                           |
      |                           int
c:\mingw\x86_64-w64-mingw32\include\string.h:61:77: note: expected 'const char * restrict' but argument is of type 'int'
   61 |   char * __cdecl strcpy(char * __restrict__ _Dest,const char * __restrict__ _Source);
      |                                                   ~~~~~~~~~~~~~~~~~~~~~~~~~~^~~~~~~
gcc -o Project1.exe Project1.o 
06:08:10 **** Incremental Build of configuration Debug for project Project1 ****
Info: Internal Builder is used for build
gcc -O0 -g3 -Wall -c -fmessage-length=0 -o Project1.o "..\\Project1.c" 
..\Project1.c: In function 'room_temperature':
..\Project1.c:13:12: warning: passing argument 2 of 'strcpy' makes pointer from integer without a cast [-Wint-conversion]
   13 | #define ON 1
      |            ^
      |            |
      |            int
..\Project1.c:160:27: note: in expansion of macro 'ON'
  160 |                 strcpy(AC,ON);
      |                           ^~
In file included from ..\Project1.c:11:
c:\mingw\x86_64-w64-mingw32\include\string.h:61:77: note: expected 'const char * restrict' but argument is of type 'int'
   61 |   char * __cdecl strcpy(char * __restrict__ _Dest,const char * __restrict__ _Source);
      |                                                   ~~~~~~~~~~~~~~~~~~~~~~~~~~^~~~~~~
..\Project1.c:174:27: warning: multi-character character constant [-Wmultichar]
  174 |                 strcpy(AC,'ON');
      |                           ^~~~
..\Project1.c:174:27: warning: passing argument 2 of 'strcpy' makes pointer from integer without a cast [-Wint-conversion]
  174 |                 strcpy(AC,'ON');
      |                           ^~~~
      |                           |
      |                           int
c:\mingw\x86_64-w64-mingw32\include\string.h:61:77: note: expected 'const char * restrict' but argument is of type 'int'
   61 |   char * __cdecl strcpy(char * __restrict__ _Dest,const char * __restrict__ _Source);
      |                                                   ~~~~~~~~~~~~~~~~~~~~~~~~~~^~~~~~~
..\Project1.c:188:27: warning: multi-character character constant [-Wmultichar]
  188 |                 strcpy(AC,'OFF');
      |                           ^~~~~
..\Project1.c:188:27: warning: passing argument 2 of 'strcpy' makes pointer from integer without a cast [-Wint-conversion]
  188 |                 strcpy(AC,'OFF');
      |                           ^~~~~
      |                           |
      |                           int
c:\mingw\x86_64-w64-mingw32\include\string.h:61:77: note: expected 'const char * restrict' but argument is of type 'int'
   61 |   char * __cdecl strcpy(char * __restrict__ _Dest,const char * __restrict__ _Source);
      |                                                   ~~~~~~~~~~~~~~~~~~~~~~~~~~^~~~~~~
..\Project1.c:160:17: warning: 'strcpy' reading 1 or more bytes from a region of size 0 [-Wstringop-overread]
  160 |                 strcpy(AC,ON);
      |                 ^~~~~~~~~~~~~
gcc -o Project1.exe Project1.o 
06:09:55 **** Incremental Build of configuration Debug for project Project1 ****
Info: Internal Builder is used for build
gcc -O0 -g3 -Wall -c -fmessage-length=0 -o Project1.o "..\\Project1.c" 
..\Project1.c: In function 'room_temperature':
..\Project1.c:160:27: warning: multi-character character constant [-Wmultichar]
  160 |                 strcpy(AC,'ON');
      |                           ^~~~
..\Project1.c:160:27: warning: passing argument 2 of 'strcpy' makes pointer from integer without a cast [-Wint-conversion]
  160 |                 strcpy(AC,'ON');
      |                           ^~~~
      |                           |
      |                           int
In file included from ..\Project1.c:11:
c:\mingw\x86_64-w64-mingw32\include\string.h:61:77: note: expected 'const char * restrict' but argument is of type 'int'
   61 |   char * __cdecl strcpy(char * __restrict__ _Dest,const char * __restrict__ _Source);
      |                                                   ~~~~~~~~~~~~~~~~~~~~~~~~~~^~~~~~~
..\Project1.c:188:27: warning: multi-character character constant [-Wmultichar]
  188 |                 strcpy(AC,'OFF');
      |                           ^~~~~
..\Project1.c:188:27: warning: passing argument 2 of 'strcpy' makes pointer from integer without a cast [-Wint-conversion]
  188 |                 strcpy(AC,'OFF');
      |                           ^~~~~
      |                           |
      |                           int
c:\mingw\x86_64-w64-mingw32\include\string.h:61:77: note: expected 'const char * restrict' but argument is of type 'int'
   61 |   char * __cdecl strcpy(char * __restrict__ _Dest,const char * __restrict__ _Source);
      |                                                   ~~~~~~~~~~~~~~~~~~~~~~~~~~^~~~~~~
gcc -o Project1.exe Project1.o 
06:10:10 **** Incremental Build of configuration Debug for project Project1 ****
Info: Internal Builder is used for build
gcc -O0 -g3 -Wall -c -fmessage-length=0 -o Project1.o "..\\Project1.c" 
gcc -o Project1.exe Project1.o 
Info: Nothing to build for Project1
06:13:02 **** Incremental Build of configuration Debug for project Project1 ****
Info: Internal Builder is used for build
gcc -O0 -g3 -Wall -c -fmessage-length=0 -o Project1.o "..\\Project1.c" 
..\Project1.c: In function 'current_state':
..\Project1.c:23:33: warning: format '%d' expects argument of type 'int', but argument 2 has type 'char *' [-Wformat=]
   23 |         printf("Engine State : %d\n",engine_state);
      |                                ~^    ~~~~~~~~~~~~
      |                                 |    |
      |                                 int  char *
      |                                %s
..\Project1.c:28:63: warning: format '%d' expects argument of type 'int', but argument 2 has type 'char *' [-Wformat=]
   28 |         printf("Current Engine Temperature Controller State: %d\n",controller_state);
      |                                                              ~^    ~~~~~~~~~~~~~~~~
      |                                                               |    |
      |                                                               int  char *
      |                                                              %s
..\Project1.c: In function 'traffic_light':
..\Project1.c:129:62: warning: format '%d' expects argument of type 'int', but argument 2 has type 'char *' [-Wformat=]
  129 |                 printf("Engine Temperatue Controller State: %d\n",controller_state);
      |                                                             ~^    ~~~~~~~~~~~~~~~~
      |                                                              |    |
      |                                                              int  char *
      |                                                             %s
..\Project1.c: In function 'engine_temperature':
..\Project1.c:207:24: error: 'contrller_state' undeclared (first use in this function); did you mean 'controller_state'?
  207 |                 strcpy(contrller_state,"ON");
      |                        ^~~~~~~~~~~~~~~
      |                        controller_state
..\Project1.c:207:24: note: each undeclared identifier is reported only once for each function it appears in
06:14:52 **** Incremental Build of configuration Debug for project Project1 ****
Info: Internal Builder is used for build
gcc -O0 -g3 -Wall -c -fmessage-length=0 -o Project1.o "..\\Project1.c" 
gcc -o Project1.exe Project1.o 
c:/mingw/bin/../lib/gcc/x86_64-w64-mingw32/12.1.0/../../../../x86_64-w64-mingw32/bin/ld.exe: cannot open output file Project1.exe: Permission denied
collect2.exe: error: ld returned 1 exit status
06:14:58 **** Incremental Build of configuration Debug for project Project1 ****
Info: Internal Builder is used for build
gcc -o Project1.exe Project1.o 
Info: Nothing to build for Project1
06:23:02 **** Incremental Build of configuration Debug for project Project1 ****
Info: Internal Builder is used for build
gcc -O0 -g3 -Wall -c -fmessage-length=0 -o Project1.o "..\\Project1.c" 
gcc -o Project1.exe Project1.o 
Info: Nothing to build for Project1
Info: Nothing to build for Project1
06:24:43 **** Incremental Build of configuration Debug for project Project1 ****
Info: Internal Builder is used for build
gcc -O0 -g3 -Wall -c -fmessage-length=0 -o Project1.o "..\\Project1.c" 
gcc -o Project1.exe Project1.o 
c:/mingw/bin/../lib/gcc/x86_64-w64-mingw32/12.1.0/../../../../x86_64-w64-mingw32/bin/ld.exe: cannot open output file Project1.exe: Permission denied
collect2.exe: error: ld returned 1 exit status
06:24:53 **** Incremental Build of configuration Debug for project Project1 ****
Info: Internal Builder is used for build
gcc -O0 -g3 -Wall -c -fmessage-length=0 -o Project1.o "..\\Project1.c" 
gcc -o Project1.exe Project1.o 
Info: Nothing to build for Project1
06:33:25 **** Incremental Build of configuration Debug for project Project1 ****
Info: Internal Builder is used for build
gcc -O0 -g3 -Wall -c -fmessage-length=0 -o Project1.o "..\\Project1.c" 
gcc -o Project1.exe Project1.o 
Info: Nothing to build for Project1
Info: Nothing to build for Project1
Info: Nothing to build for Project1
06:46:39 **** Incremental Build of configuration Debug for project Project1 ****
Info: Internal Builder is used for build
gcc -O0 -g3 -Wall -c -fmessage-length=0 -o Project1.o "..\\Project1.c" 
gcc -o Project1.exe Project1.o 
Info: Nothing to build for Project1
06:49:51 **** Incremental Build of configuration Debug for project Project1 ****
Info: Internal Builder is used for build
gcc -O0 -g3 -Wall -c -fmessage-length=0 -o Project1.o "..\\Project1.c" 
..\Project1.c: In function 'firstList':
..\Project1.c:53:17: warning: implicit declaration of function 'second_choice' [-Wimplicit-function-declaration]
   53 |                 second_choice(x);
      |                 ^~~~~~~~~~~~~
..\Project1.c: At top level:
..\Project1.c:64:6: warning: conflicting types for 'second_choice'; have 'void(char)'
   64 | void second_choice(char input2)
      |      ^~~~~~~~~~~~~
..\Project1.c:53:17: note: previous implicit declaration of 'second_choice' with type 'void(char)'
   53 |                 second_choice(x);
      |                 ^~~~~~~~~~~~~
gcc -o Project1.exe Project1.o 
06:50:25 **** Incremental Build of configuration Debug for project Project1 ****
Info: Internal Builder is used for build
gcc -O0 -g3 -Wall -c -fmessage-length=0 -o Project1.o "..\\Project1.c" 
gcc -o Project1.exe Project1.o 
Info: Nothing to build for Project1
Info: Nothing to build for Project1
Info: Nothing to build for Project1
Info: Nothing to build for Project1
Info: Nothing to build for Project1
Info: Nothing to build for Project1
07:11:41 **** Incremental Build of configuration Debug for project Project1 ****
Info: Internal Builder is used for build
gcc -O0 -g3 -Wall -c -fmessage-length=0 -o Project1.o "..\\Project1.c" 
gcc -o Project1.exe Project1.o 
Info: Nothing to build for Project1
Info: Nothing to build for Project1
07:14:16 **** Incremental Build of configuration Debug for project Project1 ****
Info: Internal Builder is used for build
gcc -O0 -g3 -Wall -c -fmessage-length=0 -o Project1.o "..\\Project1.c" 
..\Project1.c: In function 'second_choice':
..\Project1.c:69:17: warning: implicit declaration of function 'fourth_choice' [-Wimplicit-function-declaration]
   69 |                 fourth_choice(z);
      |                 ^~~~~~~~~~~~~
..\Project1.c: At top level:
..\Project1.c:95:6: warning: conflicting types for 'fourth_choice'; have 'void(char)'
   95 | void fourth_choice(char input4)
      |      ^~~~~~~~~~~~~
..\Project1.c:69:17: note: previous implicit declaration of 'fourth_choice' with type 'void(char)'
   69 |                 fourth_choice(z);
      |                 ^~~~~~~~~~~~~
gcc -o Project1.exe Project1.o 
07:15:20 **** Incremental Build of configuration Debug for project Project1 ****
Info: Internal Builder is used for build
gcc -O0 -g3 -Wall -c -fmessage-length=0 -o Project1.o "..\\Project1.c" 
gcc -o Project1.exe Project1.o 
Info: Nothing to build for Project1
Info: Nothing to build for Project1
15:05:35 **** Incremental Build of configuration Debug for project Project1 ****
Info: Internal Builder is used for build
gcc -O0 -g3 -Wall -c -fmessage-length=0 -o Project1.o "..\\Project1.c" 
gcc -o Project1.exe Project1.o 
Info: Nothing to build for Project1
Info: Nothing to build for Project1
Info: Nothing to build for Project1
15:13:58 **** Incremental Build of configuration Debug for project Project1 ****
Info: Internal Builder is used for build
gcc -O0 -g3 -Wall -c -fmessage-length=0 -o Project1.o "..\\Project1.c" 
gcc -o Project1.exe Project1.o 
Info: Nothing to build for Project1
Info: Nothing to build for Project1
Info: Nothing to build for Project1
Info: Nothing to build for Project1
15:18:04 **** Incremental Build of configuration Debug for project Project1 ****
Info: Internal Builder is used for build
gcc -O0 -g3 -Wall -c -fmessage-length=0 -o Project1.o "..\\Project1.c" 
..\Project1.c: In function 'second_choice':
..\Project1.c:81:17: warning: implicit declaration of function 'first_choice'; did you mean 'fourth_choice'? [-Wimplicit-function-declaration]
   81 |                 first_choice(z);
      |                 ^~~~~~~~~~~~
      |                 fourth_choice
gcc -o Project1.exe Project1.o 
c:/mingw/bin/../lib/gcc/x86_64-w64-mingw32/12.1.0/../../../../x86_64-w64-mingw32/bin/ld.exe: Project1.o: in function `second_choice':
E:\Embedded Course\Project1\Project1\Debug/../Project1.c:81: undefined reference to `first_choice'
collect2.exe: error: ld returned 1 exit status
15:18:23 **** Incremental Build of configuration Debug for project Project1 ****
Info: Internal Builder is used for build
gcc -O0 -g3 -Wall -c -fmessage-length=0 -o Project1.o "..\\Project1.c" 
gcc -o Project1.exe Project1.o 
Info: Nothing to build for Project1
15:22:13 **** Incremental Build of configuration Debug for project Project1 ****
Info: Internal Builder is used for build
gcc -O0 -g3 -Wall -c -fmessage-length=0 -o Project1.o "..\\Project1.c" 
gcc -o Project1.exe Project1.o 
Info: Nothing to build for Project1
15:23:33 **** Incremental Build of configuration Debug for project Project1 ****
Info: Internal Builder is used for build
gcc -O0 -g3 -Wall -c -fmessage-length=0 -o Project1.o "..\\Project1.c" 
gcc -o Project1.exe Project1.o 
Info: Nothing to build for Project1
Info: Nothing to build for Project1
